Logging to generation_outputs/_tmp_label_sampling
runs\models\malbehav_full_balanced_v1_trf_ic16_bs16_s101_20260502-202533\training_args.json
creating model and diffusion...
creating model, based on transformer
BertConfig {
  "_name_or_path": "bert-base-uncased",
  "architectures": [
    "BertForMaskedLM"
  ],
  "attention_probs_dropout_prob": 0.1,
  "classifier_dropout": null,
  "gradient_checkpointing": false,
  "hidden_act": "gelu",
  "hidden_dropout_prob": 0.2,
  "hidden_size": 768,
  "initializer_range": 0.02,
  "intermediate_size": 3072,
  "layer_norm_eps": 1e-12,
  "max_position_embeddings": 512,
  "model_type": "bert",
  "num_attention_heads": 12,
  "num_hidden_layers": 12,
  "pad_token_id": 0,
  "position_embedding_type": "absolute",
  "transformers_version": "4.17.0.dev0",
  "type_vocab_size": 2,
  "use_cache": true,
  "vocab_size": 30522
}

LossType.E2E_MSE False
training mode is  e2e
training mode is  e2e
the parameter count is 86874026
True a marker for whether we are in the debug mode
loading from runs\models\malbehav_full_balanced_v1_trf_ic16_bs16_s101_20260502-202533/vocab.json
250
e2e, load the right model embeddings ********************************************************************************
sampling...
64
(32, 169, 16)
torch.Size([32, 169, 16])
created 32 samples
(32, 169, 16)
