RUN: C:\Users\Marishka\anaconda3\python.exe scripts/text_sample.py --model_path runs\models\malbehav_full_balanced_v1_trf_ic16_bs16_s101_20260502-202533\best_model.pt --batch_size 32 --num_samples 128 --top_p 0.95 --out_dir generation_outputs/_tmp_label_sampling --verbose yes --seed 101
Traceback (most recent call last):
  File "C:\Users\Marishka\Desktop\code\NIRS\Diffusion-LM-main\improved-diffusion\scripts\generate_malbehav_by_label.py", line 177, in <module>
    main()
    ~~~~^^
  File "C:\Users\Marishka\Desktop\code\NIRS\Diffusion-LM-main\improved-diffusion\scripts\generate_malbehav_by_label.py", line 128, in main
    proc = subprocess.run(cmd, capture_output=True, text=True)
  File "C:\Users\Marishka\anaconda3\Lib\subprocess.py", line 556, in run
    stdout, stderr = process.communicate(input, timeout=timeout)
                     ~~~~~~~~~~~~~~~~~~~^^^^^^^^^^^^^^^^^^^^^^^^
  File "C:\Users\Marishka\anaconda3\Lib\subprocess.py", line 1222, in communicate
    stdout, stderr = self._communicate(input, endtime, timeout)
                     ~~~~~~~~~~~~~~~~~^^^^^^^^^^^^^^^^^^^^^^^^^
  File "C:\Users\Marishka\anaconda3\Lib\subprocess.py", line 1644, in _communicate
    self.stdout_thread.join(self._remaining_time(endtime))
    ~~~~~~~~~~~~~~~~~~~~~~~^^^^^^^^^^^^^^^^^^^^^^^^^^^^^^^
  File "C:\Users\Marishka\anaconda3\Lib\threading.py", line 1094, in join
    self._handle.join(timeout)
    ~~~~~~~~~~~~~~~~~^^^^^^^^^
KeyboardInterrupt
RUN: C:\Users\Marishka\anaconda3\python.exe scripts/text_sample.py --model_path runs\models\malbehav_full_balanced_v1_trf_ic16_bs16_s101_20260502-202533\best_model.pt --batch_size 32 --num_samples 64 --top_p 0.95 --out_dir generation_outputs/_tmp_label_sampling --verbose yes --seed 101
round=1/80 seed=101 label0=0/500 label1=0/500 seen=64
RUN: C:\Users\Marishka\anaconda3\python.exe scripts/text_sample.py --model_path runs\models\malbehav_full_balanced_v1_trf_ic16_bs16_s101_20260502-202533\best_model.pt --batch_size 32 --num_samples 64 --top_p 0.95 --out_dir generation_outputs/_tmp_label_sampling --verbose yes --seed 102
